[debug] [2025-02-27T16:51:28.264Z] ----------------------------------------------------------------------
[debug] [2025-02-27T16:51:28.267Z] Command:       /usr/local/bin/node /usr/local/bin/firebase init functions
[debug] [2025-02-27T16:51:28.268Z] CLI Version:   13.31.2
[debug] [2025-02-27T16:51:28.268Z] Platform:      darwin
[debug] [2025-02-27T16:51:28.268Z] Node Version:  v22.13.1
[debug] [2025-02-27T16:51:28.269Z] Time:          Thu Feb 27 2025 17:51:28 GMT+0100 (West Africa Standard Time)
[debug] [2025-02-27T16:51:28.269Z] ----------------------------------------------------------------------
[debug] 
[debug] [2025-02-27T16:51:28.475Z] > command requires scopes: ["email","openid","https://www.googleapis.com/auth/cloudplatformprojects.readonly","https://www.googleapis.com/auth/firebase","https://www.googleapis.com/auth/cloud-platform"]
[debug] [2025-02-27T16:51:28.475Z] > authorizing via signed-in user (bayangidaapp@gmail.com)
[info] 
     ######## #### ########  ######## ########     ###     ######  ########
     ##        ##  ##     ## ##       ##     ##  ##   ##  ##       ##
     ######    ##  ########  ######   ########  #########  ######  ######
     ##        ##  ##    ##  ##       ##     ## ##     ##       ## ##
     ##       #### ##     ## ######## ########  ##     ##  ######  ########

You're about to initialize a Firebase project in this directory:

  /Users/ayodejibabashola/bayangida

Before we get started, keep in mind:

  * You are initializing within an existing Firebase project directory

[info] 
=== Project Setup
[info] 
[info] First, let's associate this project directory with a Firebase project.
[info] You can create multiple project aliases by running firebase use --add, 
[info] but for now we'll just set up a default project.
[info] 
